2023-04-13 09:27:02,198 INFO org.springframework.boot.StartupInfoLogger [main] Starting CurrencyApiKotlinApplicationKt using Java 17.0.6 on DESKTOP-B6VGA76 with PID 2892 (D:\Documents\Proyectos\Seguridad\Seguridad_Backed\target\classes started by Nao in D:\Documents\Proyectos\Seguridad\Seguridad_Backed)
2023-04-13 09:27:02,210 INFO org.springframework.boot.SpringApplication [main] No active profile set, falling back to 1 default profile: "default"
2023-04-13 09:27:03,592 INFO org.springframework.data.repository.config.RepositoryConfigurationDelegate [main] Bootstrapping Spring Data JPA repositories in DEFAULT mode.
2023-04-13 09:27:03,863 INFO org.springframework.data.repository.config.RepositoryConfigurationDelegate [main] Finished Spring Data repository scanning in 252 ms. Found 2 JPA repository interfaces.
2023-04-13 09:27:04,358 INFO org.springframework.cloud.context.scope.GenericScope [main] BeanFactory id=689f0769-61ad-3310-848c-62c38193a976
2023-04-13 09:27:05,262 INFO org.springframework.boot.web.embedded.tomcat.TomcatWebServer [main] Tomcat initialized with port(s): 8080 (http)
2023-04-13 09:27:05,292 INFO org.apache.juli.logging.DirectJDKLog [main] Initializing ProtocolHandler ["http-nio-8080"]
2023-04-13 09:27:05,294 INFO org.apache.juli.logging.DirectJDKLog [main] Starting service [Tomcat]
2023-04-13 09:27:05,295 INFO org.apache.juli.logging.DirectJDKLog [main] Starting Servlet engine: [Apache Tomcat/9.0.71]
2023-04-13 09:27:05,536 INFO org.apache.juli.logging.DirectJDKLog [main] Initializing Spring embedded WebApplicationContext
2023-04-13 09:27:05,537 INFO org.springframework.boot.web.servlet.context.ServletWebServerApplicationContext [main] Root WebApplicationContext: initialization completed in 3231 ms
2023-04-13 09:27:06,051 INFO org.hibernate.jpa.internal.util.LogHelper [main] HHH000204: Processing PersistenceUnitInfo [name: default]
2023-04-13 09:27:06,163 INFO org.hibernate.Version [main] HHH000412: Hibernate ORM core version 5.6.14.Final
2023-04-13 09:27:06,447 INFO org.hibernate.annotations.common.reflection.java.JavaReflectionManager [main] HCANN000001: Hibernate Commons Annotations {5.1.2.Final}
2023-04-13 09:27:06,680 WARN org.hibernate.engine.jdbc.env.internal.JdbcEnvironmentInitiator [main] HHH000342: Could not obtain connection to query metadata
org.postgresql.util.PSQLException: Connection to 127.0.1.1:5432 refused. Check that the hostname and port are correct and that the postmaster is accepting TCP/IP connections.
	at org.postgresql.core.v3.ConnectionFactoryImpl.openConnectionImpl(ConnectionFactoryImpl.java:319)
	at org.postgresql.core.ConnectionFactory.openConnection(ConnectionFactory.java:49)
	at org.postgresql.jdbc.PgConnection.<init>(PgConnection.java:223)
	at org.postgresql.Driver.makeConnection(Driver.java:402)
	at org.postgresql.Driver.connect(Driver.java:261)
	at java.sql/java.sql.DriverManager.getConnection(DriverManager.java:681)
	at java.sql/java.sql.DriverManager.getConnection(DriverManager.java:229)
	at org.postgresql.ds.common.BaseDataSource.getConnection(BaseDataSource.java:103)
	at org.postgresql.ds.common.BaseDataSource.getConnection(BaseDataSource.java:87)
	at org.hibernate.engine.jdbc.connections.internal.DatasourceConnectionProviderImpl.getConnection(DatasourceConnectionProviderImpl.java:122)
	at org.hibernate.engine.jdbc.env.internal.JdbcEnvironmentInitiator$ConnectionProviderJdbcConnectionAccess.obtainConnection(JdbcEnvironmentInitiator.java:181)
	at org.hibernate.engine.jdbc.env.internal.JdbcEnvironmentInitiator.initiateService(JdbcEnvironmentInitiator.java:68)
	at org.hibernate.engine.jdbc.env.internal.JdbcEnvironmentInitiator.initiateService(JdbcEnvironmentInitiator.java:35)
	at org.hibernate.boot.registry.internal.StandardServiceRegistryImpl.initiateService(StandardServiceRegistryImpl.java:101)
	at org.hibernate.service.internal.AbstractServiceRegistryImpl.createService(AbstractServiceRegistryImpl.java:263)
	at org.hibernate.service.internal.AbstractServiceRegistryImpl.initializeService(AbstractServiceRegistryImpl.java:237)
	at org.hibernate.service.internal.AbstractServiceRegistryImpl.getService(AbstractServiceRegistryImpl.java:214)
	at org.hibernate.id.factory.internal.DefaultIdentifierGeneratorFactory.injectServices(DefaultIdentifierGeneratorFactory.java:175)
	at org.hibernate.service.internal.AbstractServiceRegistryImpl.injectDependencies(AbstractServiceRegistryImpl.java:286)
	at org.hibernate.service.internal.AbstractServiceRegistryImpl.initializeService(AbstractServiceRegistryImpl.java:243)
	at org.hibernate.service.internal.AbstractServiceRegistryImpl.getService(AbstractServiceRegistryImpl.java:214)
	at org.hibernate.boot.internal.InFlightMetadataCollectorImpl.<init>(InFlightMetadataCollectorImpl.java:173)
	at org.hibernate.boot.model.process.spi.MetadataBuildingProcess.complete(MetadataBuildingProcess.java:127)
	at org.hibernate.jpa.boot.internal.EntityManagerFactoryBuilderImpl.metadata(EntityManagerFactoryBuilderImpl.java:1460)
	at org.hibernate.jpa.boot.internal.EntityManagerFactoryBuilderImpl.build(EntityManagerFactoryBuilderImpl.java:1494)
	at org.springframework.orm.jpa.vendor.SpringHibernateJpaPersistenceProvider.createContainerEntityManagerFactory(SpringHibernateJpaPersistenceProvider.java:58)
	at org.springframework.orm.jpa.LocalContainerEntityManagerFactoryBean.createNativeEntityManagerFactory(LocalContainerEntityManagerFactoryBean.java:365)
	at org.springframework.orm.jpa.AbstractEntityManagerFactoryBean.buildNativeEntityManagerFactory(AbstractEntityManagerFactoryBean.java:409)
	at org.springframework.orm.jpa.AbstractEntityManagerFactoryBean.afterPropertiesSet(AbstractEntityManagerFactoryBean.java:396)
	at org.springframework.orm.jpa.LocalContainerEntityManagerFactoryBean.afterPropertiesSet(LocalContainerEntityManagerFactoryBean.java:341)
	at org.springframework.beans.factory.support.AbstractAutowireCapableBeanFactory.invokeInitMethods(AbstractAutowireCapableBeanFactory.java:1863)
	at org.springframework.beans.factory.support.AbstractAutowireCapableBeanFactory.initializeBean(AbstractAutowireCapableBeanFactory.java:1800)
	at org.springframework.beans.factory.support.AbstractAutowireCapableBeanFactory.doCreateBean(AbstractAutowireCapableBeanFactory.java:620)
	at org.springframework.beans.factory.support.AbstractAutowireCapableBeanFactory.createBean(AbstractAutowireCapableBeanFactory.java:542)
	at org.springframework.beans.factory.support.AbstractBeanFactory.lambda$doGetBean$0(AbstractBeanFactory.java:335)
	at org.springframework.beans.factory.support.DefaultSingletonBeanRegistry.getSingleton(DefaultSingletonBeanRegistry.java:234)
	at org.springframework.beans.factory.support.AbstractBeanFactory.doGetBean(AbstractBeanFactory.java:333)
	at org.springframework.beans.factory.support.AbstractBeanFactory.getBean(AbstractBeanFactory.java:208)
	at org.springframework.context.support.AbstractApplicationContext.getBean(AbstractApplicationContext.java:1154)
	at org.springframework.context.support.AbstractApplicationContext.finishBeanFactoryInitialization(AbstractApplicationContext.java:908)
	at org.springframework.context.support.AbstractApplicationContext.refresh(AbstractApplicationContext.java:583)
	at org.springframework.boot.web.servlet.context.ServletWebServerApplicationContext.refresh(ServletWebServerApplicationContext.java:147)
	at org.springframework.boot.SpringApplication.refresh(SpringApplication.java:731)
	at org.springframework.boot.SpringApplication.refreshContext(SpringApplication.java:408)
	at org.springframework.boot.SpringApplication.run(SpringApplication.java:307)
	at org.springframework.boot.SpringApplication.run(SpringApplication.java:1303)
	at org.springframework.boot.SpringApplication.run(SpringApplication.java:1292)
	at arquitectura.software.demo.CurrencyApiKotlinApplicationKt.main(CurrencyApiKotlinApplication.kt:51)
Caused by: java.net.ConnectException: Connection refused: no further information
	at java.base/sun.nio.ch.Net.pollConnect(Native Method)
	at java.base/sun.nio.ch.Net.pollConnectNow(Net.java:672)
	at java.base/sun.nio.ch.NioSocketImpl.timedFinishConnect(NioSocketImpl.java:542)
	at java.base/sun.nio.ch.NioSocketImpl.connect(NioSocketImpl.java:597)
	at java.base/java.net.SocksSocketImpl.connect(SocksSocketImpl.java:327)
	at java.base/java.net.Socket.connect(Socket.java:639)
	at org.postgresql.core.PGStream.createSocket(PGStream.java:241)
	at org.postgresql.core.PGStream.<init>(PGStream.java:98)
	at org.postgresql.core.v3.ConnectionFactoryImpl.tryConnect(ConnectionFactoryImpl.java:109)
	at org.postgresql.core.v3.ConnectionFactoryImpl.openConnectionImpl(ConnectionFactoryImpl.java:235)
	... 47 common frames omitted
2023-04-13 09:27:06,694 ERROR org.springframework.orm.jpa.AbstractEntityManagerFactoryBean [main] Failed to initialize JPA EntityManagerFactory: Unable to create requested service [org.hibernate.engine.jdbc.env.spi.JdbcEnvironment]
2023-04-13 09:27:06,698 WARN org.springframework.context.support.AbstractApplicationContext [main] Exception encountered during context initialization - cancelling refresh attempt: org.springframework.beans.factory.BeanCreationException: Error creating bean with name 'entityManagerFactory' defined in class path resource [org/springframework/boot/autoconfigure/orm/jpa/HibernateJpaConfiguration.class]: Invocation of init method failed; nested exception is org.hibernate.service.spi.ServiceException: Unable to create requested service [org.hibernate.engine.jdbc.env.spi.JdbcEnvironment]
2023-04-13 09:27:06,706 INFO org.apache.juli.logging.DirectJDKLog [main] Stopping service [Tomcat]
2023-04-13 09:27:06,729 INFO org.springframework.boot.autoconfigure.logging.ConditionEvaluationReportLoggingListener [main] 

Error starting ApplicationContext. To display the conditions report re-run your application with 'debug' enabled.
2023-04-13 09:27:06,801 ERROR org.springframework.boot.SpringApplication [main] Application run failed
org.springframework.beans.factory.BeanCreationException: Error creating bean with name 'entityManagerFactory' defined in class path resource [org/springframework/boot/autoconfigure/orm/jpa/HibernateJpaConfiguration.class]: Invocation of init method failed; nested exception is org.hibernate.service.spi.ServiceException: Unable to create requested service [org.hibernate.engine.jdbc.env.spi.JdbcEnvironment]
	at org.springframework.beans.factory.support.AbstractAutowireCapableBeanFactory.initializeBean(AbstractAutowireCapableBeanFactory.java:1804)
	at org.springframework.beans.factory.support.AbstractAutowireCapableBeanFactory.doCreateBean(AbstractAutowireCapableBeanFactory.java:620)
	at org.springframework.beans.factory.support.AbstractAutowireCapableBeanFactory.createBean(AbstractAutowireCapableBeanFactory.java:542)
	at org.springframework.beans.factory.support.AbstractBeanFactory.lambda$doGetBean$0(AbstractBeanFactory.java:335)
	at org.springframework.beans.factory.support.DefaultSingletonBeanRegistry.getSingleton(DefaultSingletonBeanRegistry.java:234)
	at org.springframework.beans.factory.support.AbstractBeanFactory.doGetBean(AbstractBeanFactory.java:333)
	at org.springframework.beans.factory.support.AbstractBeanFactory.getBean(AbstractBeanFactory.java:208)
	at org.springframework.context.support.AbstractApplicationContext.getBean(AbstractApplicationContext.java:1154)
	at org.springframework.context.support.AbstractApplicationContext.finishBeanFactoryInitialization(AbstractApplicationContext.java:908)
	at org.springframework.context.support.AbstractApplicationContext.refresh(AbstractApplicationContext.java:583)
	at org.springframework.boot.web.servlet.context.ServletWebServerApplicationContext.refresh(ServletWebServerApplicationContext.java:147)
	at org.springframework.boot.SpringApplication.refresh(SpringApplication.java:731)
	at org.springframework.boot.SpringApplication.refreshContext(SpringApplication.java:408)
	at org.springframework.boot.SpringApplication.run(SpringApplication.java:307)
	at org.springframework.boot.SpringApplication.run(SpringApplication.java:1303)
	at org.springframework.boot.SpringApplication.run(SpringApplication.java:1292)
	at arquitectura.software.demo.CurrencyApiKotlinApplicationKt.main(CurrencyApiKotlinApplication.kt:51)
Caused by: org.hibernate.service.spi.ServiceException: Unable to create requested service [org.hibernate.engine.jdbc.env.spi.JdbcEnvironment]
	at org.hibernate.service.internal.AbstractServiceRegistryImpl.createService(AbstractServiceRegistryImpl.java:275)
	at org.hibernate.service.internal.AbstractServiceRegistryImpl.initializeService(AbstractServiceRegistryImpl.java:237)
	at org.hibernate.service.internal.AbstractServiceRegistryImpl.getService(AbstractServiceRegistryImpl.java:214)
	at org.hibernate.id.factory.internal.DefaultIdentifierGeneratorFactory.injectServices(DefaultIdentifierGeneratorFactory.java:175)
	at org.hibernate.service.internal.AbstractServiceRegistryImpl.injectDependencies(AbstractServiceRegistryImpl.java:286)
	at org.hibernate.service.internal.AbstractServiceRegistryImpl.initializeService(AbstractServiceRegistryImpl.java:243)
	at org.hibernate.service.internal.AbstractServiceRegistryImpl.getService(AbstractServiceRegistryImpl.java:214)
	at org.hibernate.boot.internal.InFlightMetadataCollectorImpl.<init>(InFlightMetadataCollectorImpl.java:173)
	at org.hibernate.boot.model.process.spi.MetadataBuildingProcess.complete(MetadataBuildingProcess.java:127)
	at org.hibernate.jpa.boot.internal.EntityManagerFactoryBuilderImpl.metadata(EntityManagerFactoryBuilderImpl.java:1460)
	at org.hibernate.jpa.boot.internal.EntityManagerFactoryBuilderImpl.build(EntityManagerFactoryBuilderImpl.java:1494)
	at org.springframework.orm.jpa.vendor.SpringHibernateJpaPersistenceProvider.createContainerEntityManagerFactory(SpringHibernateJpaPersistenceProvider.java:58)
	at org.springframework.orm.jpa.LocalContainerEntityManagerFactoryBean.createNativeEntityManagerFactory(LocalContainerEntityManagerFactoryBean.java:365)
	at org.springframework.orm.jpa.AbstractEntityManagerFactoryBean.buildNativeEntityManagerFactory(AbstractEntityManagerFactoryBean.java:409)
	at org.springframework.orm.jpa.AbstractEntityManagerFactoryBean.afterPropertiesSet(AbstractEntityManagerFactoryBean.java:396)
	at org.springframework.orm.jpa.LocalContainerEntityManagerFactoryBean.afterPropertiesSet(LocalContainerEntityManagerFactoryBean.java:341)
	at org.springframework.beans.factory.support.AbstractAutowireCapableBeanFactory.invokeInitMethods(AbstractAutowireCapableBeanFactory.java:1863)
	at org.springframework.beans.factory.support.AbstractAutowireCapableBeanFactory.initializeBean(AbstractAutowireCapableBeanFactory.java:1800)
	... 16 common frames omitted
Caused by: org.hibernate.HibernateException: Access to DialectResolutionInfo cannot be null when 'hibernate.dialect' not set
	at org.hibernate.engine.jdbc.dialect.internal.DialectFactoryImpl.determineDialect(DialectFactoryImpl.java:100)
	at org.hibernate.engine.jdbc.dialect.internal.DialectFactoryImpl.buildDialect(DialectFactoryImpl.java:54)
	at org.hibernate.engine.jdbc.env.internal.JdbcEnvironmentInitiator.initiateService(JdbcEnvironmentInitiator.java:138)
	at org.hibernate.engine.jdbc.env.internal.JdbcEnvironmentInitiator.initiateService(JdbcEnvironmentInitiator.java:35)
	at org.hibernate.boot.registry.internal.StandardServiceRegistryImpl.initiateService(StandardServiceRegistryImpl.java:101)
	at org.hibernate.service.internal.AbstractServiceRegistryImpl.createService(AbstractServiceRegistryImpl.java:263)
	... 33 common frames omitted
2023-04-13 09:32:56,955 INFO org.springframework.boot.StartupInfoLogger [main] Starting CurrencyApiKotlinApplicationKt using Java 17.0.6 on DESKTOP-B6VGA76 with PID 11348 (D:\Documents\Proyectos\Seguridad\Seguridad_Backed\target\classes started by Nao in D:\Documents\Proyectos\Seguridad\Seguridad_Backed)
2023-04-13 09:32:56,971 INFO org.springframework.boot.SpringApplication [main] No active profile set, falling back to 1 default profile: "default"
2023-04-13 09:32:59,032 INFO org.springframework.data.repository.config.RepositoryConfigurationDelegate [main] Bootstrapping Spring Data JPA repositories in DEFAULT mode.
2023-04-13 09:32:59,712 INFO org.springframework.data.repository.config.RepositoryConfigurationDelegate [main] Finished Spring Data repository scanning in 642 ms. Found 2 JPA repository interfaces.
2023-04-13 09:33:00,386 INFO org.springframework.cloud.context.scope.GenericScope [main] BeanFactory id=689f0769-61ad-3310-848c-62c38193a976
2023-04-13 09:33:01,416 INFO org.springframework.boot.web.embedded.tomcat.TomcatWebServer [main] Tomcat initialized with port(s): 8080 (http)
2023-04-13 09:33:01,440 INFO org.apache.juli.logging.DirectJDKLog [main] Initializing ProtocolHandler ["http-nio-8080"]
2023-04-13 09:33:01,443 INFO org.apache.juli.logging.DirectJDKLog [main] Starting service [Tomcat]
2023-04-13 09:33:01,445 INFO org.apache.juli.logging.DirectJDKLog [main] Starting Servlet engine: [Apache Tomcat/9.0.71]
2023-04-13 09:33:01,635 INFO org.apache.juli.logging.DirectJDKLog [main] Initializing Spring embedded WebApplicationContext
2023-04-13 09:33:01,637 INFO org.springframework.boot.web.servlet.context.ServletWebServerApplicationContext [main] Root WebApplicationContext: initialization completed in 4566 ms
2023-04-13 09:33:02,186 INFO org.hibernate.jpa.internal.util.LogHelper [main] HHH000204: Processing PersistenceUnitInfo [name: default]
2023-04-13 09:33:02,306 INFO org.hibernate.Version [main] HHH000412: Hibernate ORM core version 5.6.14.Final
2023-04-13 09:33:02,666 INFO org.hibernate.annotations.common.reflection.java.JavaReflectionManager [main] HCANN000001: Hibernate Commons Annotations {5.1.2.Final}
2023-04-13 09:33:03,247 INFO org.hibernate.dialect.Dialect [main] HHH000400: Using dialect: org.hibernate.dialect.PostgreSQL10Dialect
2023-04-13 09:33:04,256 INFO org.hibernate.engine.transaction.jta.platform.internal.JtaPlatformInitiator [main] HHH000490: Using JtaPlatform implementation: [org.hibernate.engine.transaction.jta.platform.internal.NoJtaPlatform]
2023-04-13 09:33:04,271 INFO org.springframework.orm.jpa.AbstractEntityManagerFactoryBean [main] Initialized JPA EntityManagerFactory for persistence unit 'default'
2023-04-13 09:33:05,603 WARN org.springframework.boot.autoconfigure.orm.jpa.JpaBaseConfiguration$JpaWebConfiguration [main] spring.jpa.open-in-view is enabled by default. Therefore, database queries may be performed during view rendering. Explicitly configure spring.jpa.open-in-view to disable this warning
2023-04-13 09:33:07,627 INFO org.springframework.cloud.netflix.eureka.config.DiscoveryClientOptionalArgsConfiguration [main] Eureka HTTP Client uses RestTemplate.
2023-04-13 09:33:08,373 WARN org.springframework.cloud.loadbalancer.config.LoadBalancerCacheAutoConfiguration$LoadBalancerCaffeineWarnLogger [main] Spring Cloud LoadBalancer is currently working with the default cache. While this cache implementation is useful for development and tests, it's recommended to use Caffeine cache in production.You can switch to using Caffeine cache, by adding it and org.springframework.cache.caffeine.CaffeineCacheManager to the classpath.
2023-04-13 09:33:08,459 INFO org.springframework.cloud.netflix.eureka.InstanceInfoFactory [main] Setting initial instance status as: STARTING
2023-04-13 09:33:08,672 INFO com.netflix.discovery.DiscoveryClient [main] Initializing Eureka in region us-east-1
2023-04-13 09:33:08,684 INFO com.netflix.discovery.shared.resolver.aws.ConfigClusterResolver [main] Resolving eureka endpoints via configuration
2023-04-13 09:33:08,747 INFO com.netflix.discovery.DiscoveryClient [main] Disable delta property : false
2023-04-13 09:33:08,748 INFO com.netflix.discovery.DiscoveryClient [main] Single vip registry refresh property : null
2023-04-13 09:33:08,749 INFO com.netflix.discovery.DiscoveryClient [main] Force full registry fetch : false
2023-04-13 09:33:08,752 INFO com.netflix.discovery.DiscoveryClient [main] Application is null : false
2023-04-13 09:33:08,755 INFO com.netflix.discovery.DiscoveryClient [main] Registered Applications size is zero : true
2023-04-13 09:33:08,756 INFO com.netflix.discovery.DiscoveryClient [main] Application version is -1: true
2023-04-13 09:33:08,757 INFO com.netflix.discovery.DiscoveryClient [main] Getting all instance registry info from the eureka server
2023-04-13 09:33:11,963 INFO com.netflix.discovery.DiscoveryClient [main] The response status is 200
2023-04-13 09:33:11,979 INFO com.netflix.discovery.DiscoveryClient [main] Starting heartbeat executor: renew interval is: 30
2023-04-13 09:33:11,993 INFO com.netflix.discovery.InstanceInfoReplicator [main] InstanceInfoReplicator onDemand update allowed rate per min is 4
2023-04-13 09:33:12,003 INFO com.netflix.discovery.DiscoveryClient [main] Discovery Client initialized at timestamp 1681392792001 with initial instances count: 0
2023-04-13 09:33:12,009 INFO org.springframework.cloud.netflix.eureka.serviceregistry.EurekaServiceRegistry [main] Registering application CURRENCY-CONVERTER with eureka with status UP
2023-04-13 09:33:12,010 INFO com.netflix.discovery.DiscoveryClient$3 [main] Saw local status change event StatusChangeEvent [timestamp=1681392792010, current=UP, previous=STARTING]
2023-04-13 09:33:12,013 INFO com.netflix.discovery.DiscoveryClient [DiscoveryClient-InstanceInfoReplicator-0] DiscoveryClient_CURRENCY-CONVERTER/host.docker.internal:currency-converter:8080: registering service...
2023-04-13 09:33:12,015 INFO org.apache.juli.logging.DirectJDKLog [main] Starting ProtocolHandler ["http-nio-8080"]
2023-04-13 09:33:12,074 INFO org.springframework.boot.web.embedded.tomcat.TomcatWebServer [main] Tomcat started on port(s): 8080 (http) with context path ''
2023-04-13 09:33:12,082 INFO org.springframework.cloud.netflix.eureka.serviceregistry.EurekaAutoServiceRegistration [main] Updating port to 8080
2023-04-13 09:33:12,716 INFO org.springframework.boot.StartupInfoLogger [main] Started CurrencyApiKotlinApplicationKt in 21.639 seconds (JVM running for 22.478)
2023-04-13 09:33:17,256 INFO com.netflix.discovery.DiscoveryClient [DiscoveryClient-InstanceInfoReplicator-0] DiscoveryClient_CURRENCY-CONVERTER/host.docker.internal:currency-converter:8080 - registration status: 204
2023-04-13 09:33:41,983 INFO com.netflix.discovery.DiscoveryClient [DiscoveryClient-CacheRefreshExecutor-0] Disable delta property : false
2023-04-13 09:33:41,985 INFO com.netflix.discovery.DiscoveryClient [DiscoveryClient-CacheRefreshExecutor-0] Single vip registry refresh property : null
2023-04-13 09:33:42,016 INFO com.netflix.discovery.DiscoveryClient [DiscoveryClient-CacheRefreshExecutor-0] Force full registry fetch : false
2023-04-13 09:33:42,017 INFO com.netflix.discovery.DiscoveryClient [DiscoveryClient-CacheRefreshExecutor-0] Application is null : false
2023-04-13 09:33:42,018 INFO com.netflix.discovery.DiscoveryClient [DiscoveryClient-CacheRefreshExecutor-0] Registered Applications size is zero : true
2023-04-13 09:33:42,020 INFO com.netflix.discovery.DiscoveryClient [DiscoveryClient-CacheRefreshExecutor-0] Application version is -1: false
2023-04-13 09:33:42,021 INFO com.netflix.discovery.DiscoveryClient [DiscoveryClient-CacheRefreshExecutor-0] Getting all instance registry info from the eureka server
2023-04-13 09:33:42,209 INFO com.netflix.discovery.DiscoveryClient [DiscoveryClient-CacheRefreshExecutor-0] The response status is 200
2023-04-13 09:38:09,911 INFO com.netflix.discovery.shared.resolver.aws.ConfigClusterResolver [AsyncResolver-bootstrap-executor-0] Resolving eureka endpoints via configuration
2023-04-13 09:43:09,997 INFO com.netflix.discovery.shared.resolver.aws.ConfigClusterResolver [AsyncResolver-bootstrap-executor-0] Resolving eureka endpoints via configuration
2023-04-13 09:48:10,021 INFO com.netflix.discovery.shared.resolver.aws.ConfigClusterResolver [AsyncResolver-bootstrap-executor-0] Resolving eureka endpoints via configuration
2023-04-13 09:51:53,342 INFO org.springframework.cloud.netflix.eureka.serviceregistry.EurekaServiceRegistry [SpringApplicationShutdownHook] Unregistering application CURRENCY-CONVERTER with eureka with status DOWN
2023-04-13 09:51:53,355 INFO com.netflix.discovery.DiscoveryClient$3 [SpringApplicationShutdownHook] Saw local status change event StatusChangeEvent [timestamp=1681393913355, current=DOWN, previous=UP]
2023-04-13 09:51:53,369 INFO com.netflix.discovery.DiscoveryClient [DiscoveryClient-InstanceInfoReplicator-0] DiscoveryClient_CURRENCY-CONVERTER/host.docker.internal:currency-converter:8080: registering service...
2023-04-13 09:51:53,441 INFO com.netflix.discovery.DiscoveryClient [DiscoveryClient-InstanceInfoReplicator-0] DiscoveryClient_CURRENCY-CONVERTER/host.docker.internal:currency-converter:8080 - registration status: 204
2023-04-13 09:51:54,362 INFO org.springframework.orm.jpa.AbstractEntityManagerFactoryBean [SpringApplicationShutdownHook] Closing JPA EntityManagerFactory for persistence unit 'default'
2023-04-13 09:51:54,481 INFO com.netflix.discovery.DiscoveryClient [SpringApplicationShutdownHook] Shutting down DiscoveryClient ...
2023-04-13 09:51:57,880 INFO com.netflix.discovery.DiscoveryClient [SpringApplicationShutdownHook] Unregistering ...
2023-04-13 10:03:52,201 INFO org.springframework.cloud.config.client.ConfigServicePropertySourceLocator [main] Fetching config from server at : http://localhost:8888
2023-04-13 10:03:59,190 INFO org.springframework.cloud.config.client.ConfigServicePropertySourceLocator [main] Located environment: name=currency-converter, profiles=[default], label=null, version=0fac27cab6b0df58538834920e2f48e9f6050a69, state=null
2023-04-13 10:03:59,194 INFO org.springframework.cloud.bootstrap.config.PropertySourceBootstrapConfiguration [main] Located property source: [BootstrapPropertySource {name='bootstrapProperties-configClient'}, BootstrapPropertySource {name='bootstrapProperties-https://github.com/EllieT7/server-config.git/currency-converter.yml'}, BootstrapPropertySource {name='bootstrapProperties-https://github.com/EllieT7/server-config.git/application.yml'}]
2023-04-13 10:03:59,204 INFO org.springframework.boot.SpringApplication [main] No active profile set, falling back to 1 default profile: "default"
2023-04-13 10:04:00,071 INFO org.springframework.data.repository.config.RepositoryConfigurationDelegate [main] Bootstrapping Spring Data JPA repositories in DEFAULT mode.
2023-04-13 10:04:00,341 INFO org.springframework.data.repository.config.RepositoryConfigurationDelegate [main] Finished Spring Data repository scanning in 249 ms. Found 2 JPA repository interfaces.
2023-04-13 10:04:00,755 INFO org.springframework.cloud.context.scope.GenericScope [main] BeanFactory id=c16c6b2a-a50c-32a1-b515-f96a6d3a60d7
2023-04-13 10:04:01,587 INFO org.springframework.boot.web.embedded.tomcat.TomcatWebServer [main] Tomcat initialized with port(s): 8080 (http)
2023-04-13 10:04:01,609 INFO org.apache.juli.logging.DirectJDKLog [main] Initializing ProtocolHandler ["http-nio-8080"]
2023-04-13 10:04:01,611 INFO org.apache.juli.logging.DirectJDKLog [main] Starting service [Tomcat]
2023-04-13 10:04:01,612 INFO org.apache.juli.logging.DirectJDKLog [main] Starting Servlet engine: [Apache Tomcat/9.0.71]
2023-04-13 10:04:01,795 INFO org.apache.juli.logging.DirectJDKLog [main] Initializing Spring embedded WebApplicationContext
2023-04-13 10:04:01,796 INFO org.springframework.boot.web.servlet.context.ServletWebServerApplicationContext [main] Root WebApplicationContext: initialization completed in 2560 ms
2023-04-13 10:04:01,998 ERROR org.apache.juli.logging.DirectJDKLog [main] For security constraints with URL pattern [/api/currency/convert] the HTTP methods [OPTIONS] are uncovered.
2023-04-13 10:04:01,999 ERROR org.apache.juli.logging.DirectJDKLog [main] For security constraints with URL pattern [/api/currency/history] the HTTP methods [OPTIONS] are uncovered.
2023-04-13 10:04:02,000 ERROR org.apache.juli.logging.DirectJDKLog [main] For security constraints with URL pattern [/api/currency/multiple] the HTTP methods [OPTIONS] are uncovered.
2023-04-13 10:04:02,246 INFO org.hibernate.jpa.internal.util.LogHelper [main] HHH000204: Processing PersistenceUnitInfo [name: default]
2023-04-13 10:04:02,359 INFO org.hibernate.Version [main] HHH000412: Hibernate ORM core version 5.6.14.Final
2023-04-13 10:04:02,631 INFO org.hibernate.annotations.common.reflection.java.JavaReflectionManager [main] HCANN000001: Hibernate Commons Annotations {5.1.2.Final}
2023-04-13 10:04:03,280 INFO org.hibernate.dialect.Dialect [main] HHH000400: Using dialect: org.hibernate.dialect.PostgreSQL10Dialect
2023-04-13 10:04:04,187 INFO org.hibernate.engine.transaction.jta.platform.internal.JtaPlatformInitiator [main] HHH000490: Using JtaPlatform implementation: [org.hibernate.engine.transaction.jta.platform.internal.NoJtaPlatform]
2023-04-13 10:04:04,203 INFO org.springframework.orm.jpa.AbstractEntityManagerFactoryBean [main] Initialized JPA EntityManagerFactory for persistence unit 'default'
2023-04-13 10:04:05,264 WARN org.springframework.boot.autoconfigure.orm.jpa.JpaBaseConfiguration$JpaWebConfiguration [main] spring.jpa.open-in-view is enabled by default. Therefore, database queries may be performed during view rendering. Explicitly configure spring.jpa.open-in-view to disable this warning
2023-04-13 10:04:06,812 INFO org.springframework.cloud.netflix.eureka.config.DiscoveryClientOptionalArgsConfiguration [main] Eureka HTTP Client uses RestTemplate.
2023-04-13 10:04:07,296 WARN org.springframework.cloud.loadbalancer.config.LoadBalancerCacheAutoConfiguration$LoadBalancerCaffeineWarnLogger [main] Spring Cloud LoadBalancer is currently working with the default cache. While this cache implementation is useful for development and tests, it's recommended to use Caffeine cache in production.You can switch to using Caffeine cache, by adding it and org.springframework.cache.caffeine.CaffeineCacheManager to the classpath.
2023-04-13 10:04:07,341 INFO org.springframework.cloud.netflix.eureka.InstanceInfoFactory [main] Setting initial instance status as: STARTING
2023-04-13 10:04:07,468 INFO com.netflix.discovery.DiscoveryClient [main] Initializing Eureka in region us-east-1
2023-04-13 10:04:07,478 INFO com.netflix.discovery.shared.resolver.aws.ConfigClusterResolver [main] Resolving eureka endpoints via configuration
2023-04-13 10:04:07,527 INFO com.netflix.discovery.DiscoveryClient [main] Disable delta property : false
2023-04-13 10:04:07,528 INFO com.netflix.discovery.DiscoveryClient [main] Single vip registry refresh property : null
2023-04-13 10:04:07,529 INFO com.netflix.discovery.DiscoveryClient [main] Force full registry fetch : false
2023-04-13 10:04:07,530 INFO com.netflix.discovery.DiscoveryClient [main] Application is null : false
2023-04-13 10:04:07,531 INFO com.netflix.discovery.DiscoveryClient [main] Registered Applications size is zero : true
2023-04-13 10:04:07,532 INFO com.netflix.discovery.DiscoveryClient [main] Application version is -1: true
2023-04-13 10:04:07,533 INFO com.netflix.discovery.DiscoveryClient [main] Getting all instance registry info from the eureka server
2023-04-13 10:04:08,078 INFO com.netflix.discovery.DiscoveryClient [main] The response status is 200
2023-04-13 10:04:08,086 INFO com.netflix.discovery.DiscoveryClient [main] Starting heartbeat executor: renew interval is: 30
2023-04-13 10:04:08,100 INFO com.netflix.discovery.InstanceInfoReplicator [main] InstanceInfoReplicator onDemand update allowed rate per min is 4
2023-04-13 10:04:08,119 INFO com.netflix.discovery.DiscoveryClient [main] Discovery Client initialized at timestamp 1681394648117 with initial instances count: 2
2023-04-13 10:04:08,163 INFO org.springframework.cloud.netflix.eureka.serviceregistry.EurekaServiceRegistry [main] Registering application CURRENCY-CONVERTER with eureka with status UP
2023-04-13 10:04:08,178 INFO com.netflix.discovery.DiscoveryClient$3 [main] Saw local status change event StatusChangeEvent [timestamp=1681394648178, current=UP, previous=STARTING]
2023-04-13 10:04:08,196 INFO com.netflix.discovery.DiscoveryClient [DiscoveryClient-InstanceInfoReplicator-0] DiscoveryClient_CURRENCY-CONVERTER/host.docker.internal:currency-converter:8080: registering service...
2023-04-13 10:04:08,209 INFO org.apache.juli.logging.DirectJDKLog [main] Starting ProtocolHandler ["http-nio-8080"]
2023-04-13 10:04:08,270 INFO com.netflix.discovery.DiscoveryClient [DiscoveryClient-InstanceInfoReplicator-0] DiscoveryClient_CURRENCY-CONVERTER/host.docker.internal:currency-converter:8080 - registration status: 204
2023-04-13 10:04:08,276 INFO org.springframework.boot.web.embedded.tomcat.TomcatWebServer [main] Tomcat started on port(s): 8080 (http) with context path ''
2023-04-13 10:04:08,278 INFO org.springframework.cloud.netflix.eureka.serviceregistry.EurekaAutoServiceRegistration [main] Updating port to 8080
2023-04-13 10:04:08,522 INFO org.springframework.boot.StartupInfoLogger [main] Started CurrencyApiKotlinApplicationKt in 18.292 seconds (JVM running for 18.847)
2023-04-13 10:09:07,590 INFO com.netflix.discovery.shared.resolver.aws.ConfigClusterResolver [AsyncResolver-bootstrap-executor-0] Resolving eureka endpoints via configuration
2023-04-13 10:14:07,606 INFO com.netflix.discovery.shared.resolver.aws.ConfigClusterResolver [AsyncResolver-bootstrap-executor-0] Resolving eureka endpoints via configuration
2023-04-13 10:15:36,684 INFO org.springframework.cloud.netflix.eureka.serviceregistry.EurekaServiceRegistry [SpringApplicationShutdownHook] Unregistering application CURRENCY-CONVERTER with eureka with status DOWN
2023-04-13 10:15:36,685 INFO com.netflix.discovery.DiscoveryClient$3 [SpringApplicationShutdownHook] Saw local status change event StatusChangeEvent [timestamp=1681395336685, current=DOWN, previous=UP]
2023-04-13 10:15:36,686 INFO com.netflix.discovery.DiscoveryClient [DiscoveryClient-InstanceInfoReplicator-0] DiscoveryClient_CURRENCY-CONVERTER/host.docker.internal:currency-converter:8080: registering service...
2023-04-13 10:15:36,694 INFO com.netflix.discovery.DiscoveryClient [DiscoveryClient-InstanceInfoReplicator-0] DiscoveryClient_CURRENCY-CONVERTER/host.docker.internal:currency-converter:8080 - registration status: 204
2023-04-13 10:15:36,728 INFO org.springframework.orm.jpa.AbstractEntityManagerFactoryBean [SpringApplicationShutdownHook] Closing JPA EntityManagerFactory for persistence unit 'default'
2023-04-13 10:15:36,731 INFO com.netflix.discovery.DiscoveryClient [SpringApplicationShutdownHook] Shutting down DiscoveryClient ...
2023-04-13 10:15:39,746 INFO com.netflix.discovery.DiscoveryClient [SpringApplicationShutdownHook] Unregistering ...
2023-04-13 10:15:39,747 WARN com.netflix.discovery.TimedSupervisorTask [DiscoveryClient-0] task supervisor shutting down, can't accept the task
2023-04-13 10:15:39,787 INFO com.netflix.discovery.DiscoveryClient [SpringApplicationShutdownHook] DiscoveryClient_CURRENCY-CONVERTER/host.docker.internal:currency-converter:8080 - deregister  status: 200
2023-04-13 10:15:39,812 INFO com.netflix.discovery.DiscoveryClient [SpringApplicationShutdownHook] Completed shut down of DiscoveryClient
2023-04-13 10:16:56,479 INFO org.springframework.cloud.config.client.ConfigServicePropertySourceLocator [main] Fetching config from server at : http://localhost:8888
2023-04-13 10:16:57,706 INFO org.springframework.cloud.config.client.ConfigServicePropertySourceLocator [main] Located environment: name=currency-converter, profiles=[test], label=null, version=0fac27cab6b0df58538834920e2f48e9f6050a69, state=null
2023-04-13 10:16:57,709 INFO org.springframework.cloud.bootstrap.config.PropertySourceBootstrapConfiguration [main] Located property source: [BootstrapPropertySource {name='bootstrapProperties-configClient'}, BootstrapPropertySource {name='bootstrapProperties-https://github.com/EllieT7/server-config.git/currency-converter-test.yml'}, BootstrapPropertySource {name='bootstrapProperties-https://github.com/EllieT7/server-config.git/currency-converter.yml'}, BootstrapPropertySource {name='bootstrapProperties-https://github.com/EllieT7/server-config.git/application.yml'}]
2023-04-13 10:16:57,725 INFO org.springframework.boot.SpringApplication [main] The following 1 profile is active: "test"
2023-04-13 10:16:58,633 INFO org.springframework.data.repository.config.RepositoryConfigurationDelegate [main] Bootstrapping Spring Data JPA repositories in DEFAULT mode.
2023-04-13 10:16:58,853 INFO org.springframework.data.repository.config.RepositoryConfigurationDelegate [main] Finished Spring Data repository scanning in 200 ms. Found 2 JPA repository interfaces.
2023-04-13 10:16:59,244 INFO org.springframework.cloud.context.scope.GenericScope [main] BeanFactory id=c16c6b2a-a50c-32a1-b515-f96a6d3a60d7
2023-04-13 10:17:00,206 INFO org.springframework.boot.web.embedded.tomcat.TomcatWebServer [main] Tomcat initialized with port(s): 8080 (http)
2023-04-13 10:17:00,226 INFO org.apache.juli.logging.DirectJDKLog [main] Initializing ProtocolHandler ["http-nio-8080"]
2023-04-13 10:17:00,228 INFO org.apache.juli.logging.DirectJDKLog [main] Starting service [Tomcat]
2023-04-13 10:17:00,229 INFO org.apache.juli.logging.DirectJDKLog [main] Starting Servlet engine: [Apache Tomcat/9.0.71]
2023-04-13 10:17:00,411 INFO org.apache.juli.logging.DirectJDKLog [main] Initializing Spring embedded WebApplicationContext
2023-04-13 10:17:00,412 INFO org.springframework.boot.web.servlet.context.ServletWebServerApplicationContext [main] Root WebApplicationContext: initialization completed in 2650 ms
2023-04-13 10:17:00,571 ERROR org.apache.juli.logging.DirectJDKLog [main] For security constraints with URL pattern [/api/currency/convert] the HTTP methods [OPTIONS] are uncovered.
2023-04-13 10:17:00,572 ERROR org.apache.juli.logging.DirectJDKLog [main] For security constraints with URL pattern [/api/currency/history] the HTTP methods [OPTIONS] are uncovered.
2023-04-13 10:17:00,573 ERROR org.apache.juli.logging.DirectJDKLog [main] For security constraints with URL pattern [/api/currency/multiple] the HTTP methods [OPTIONS] are uncovered.
2023-04-13 10:17:00,780 INFO org.hibernate.jpa.internal.util.LogHelper [main] HHH000204: Processing PersistenceUnitInfo [name: default]
2023-04-13 10:17:00,884 INFO org.hibernate.Version [main] HHH000412: Hibernate ORM core version 5.6.14.Final
2023-04-13 10:17:01,122 INFO org.hibernate.annotations.common.reflection.java.JavaReflectionManager [main] HCANN000001: Hibernate Commons Annotations {5.1.2.Final}
2023-04-13 10:17:01,498 INFO org.hibernate.dialect.Dialect [main] HHH000400: Using dialect: org.hibernate.dialect.PostgreSQL10Dialect
2023-04-13 10:17:02,161 INFO org.hibernate.engine.transaction.jta.platform.internal.JtaPlatformInitiator [main] HHH000490: Using JtaPlatform implementation: [org.hibernate.engine.transaction.jta.platform.internal.NoJtaPlatform]
2023-04-13 10:17:02,175 INFO org.springframework.orm.jpa.AbstractEntityManagerFactoryBean [main] Initialized JPA EntityManagerFactory for persistence unit 'default'
2023-04-13 10:17:03,219 WARN org.springframework.boot.autoconfigure.orm.jpa.JpaBaseConfiguration$JpaWebConfiguration [main] spring.jpa.open-in-view is enabled by default. Therefore, database queries may be performed during view rendering. Explicitly configure spring.jpa.open-in-view to disable this warning
2023-04-13 10:17:04,657 INFO org.springframework.cloud.netflix.eureka.config.DiscoveryClientOptionalArgsConfiguration [main] Eureka HTTP Client uses RestTemplate.
2023-04-13 10:17:05,147 WARN org.springframework.cloud.loadbalancer.config.LoadBalancerCacheAutoConfiguration$LoadBalancerCaffeineWarnLogger [main] Spring Cloud LoadBalancer is currently working with the default cache. While this cache implementation is useful for development and tests, it's recommended to use Caffeine cache in production.You can switch to using Caffeine cache, by adding it and org.springframework.cache.caffeine.CaffeineCacheManager to the classpath.
2023-04-13 10:17:05,191 INFO org.springframework.cloud.netflix.eureka.InstanceInfoFactory [main] Setting initial instance status as: STARTING
2023-04-13 10:17:05,315 INFO com.netflix.discovery.DiscoveryClient [main] Initializing Eureka in region us-east-1
2023-04-13 10:17:05,324 INFO com.netflix.discovery.shared.resolver.aws.ConfigClusterResolver [main] Resolving eureka endpoints via configuration
2023-04-13 10:17:05,369 INFO com.netflix.discovery.DiscoveryClient [main] Disable delta property : false
2023-04-13 10:17:05,370 INFO com.netflix.discovery.DiscoveryClient [main] Single vip registry refresh property : null
2023-04-13 10:17:05,371 INFO com.netflix.discovery.DiscoveryClient [main] Force full registry fetch : false
2023-04-13 10:17:05,372 INFO com.netflix.discovery.DiscoveryClient [main] Application is null : false
2023-04-13 10:17:05,374 INFO com.netflix.discovery.DiscoveryClient [main] Registered Applications size is zero : true
2023-04-13 10:17:05,375 INFO com.netflix.discovery.DiscoveryClient [main] Application version is -1: true
2023-04-13 10:17:05,375 INFO com.netflix.discovery.DiscoveryClient [main] Getting all instance registry info from the eureka server
2023-04-13 10:17:05,721 INFO com.netflix.discovery.DiscoveryClient [main] The response status is 200
2023-04-13 10:17:05,726 INFO com.netflix.discovery.DiscoveryClient [main] Starting heartbeat executor: renew interval is: 30
2023-04-13 10:17:05,731 INFO com.netflix.discovery.InstanceInfoReplicator [main] InstanceInfoReplicator onDemand update allowed rate per min is 4
2023-04-13 10:17:05,745 INFO com.netflix.discovery.DiscoveryClient [main] Discovery Client initialized at timestamp 1681395425743 with initial instances count: 2
2023-04-13 10:17:05,751 INFO org.springframework.cloud.netflix.eureka.serviceregistry.EurekaServiceRegistry [main] Registering application CURRENCY-CONVERTER with eureka with status UP
2023-04-13 10:17:05,754 INFO com.netflix.discovery.DiscoveryClient$3 [main] Saw local status change event StatusChangeEvent [timestamp=1681395425754, current=UP, previous=STARTING]
2023-04-13 10:17:05,757 INFO com.netflix.discovery.DiscoveryClient [DiscoveryClient-InstanceInfoReplicator-0] DiscoveryClient_CURRENCY-CONVERTER/host.docker.internal:currency-converter:8080: registering service...
2023-04-13 10:17:05,765 INFO org.apache.juli.logging.DirectJDKLog [main] Starting ProtocolHandler ["http-nio-8080"]
2023-04-13 10:17:05,810 INFO org.springframework.boot.web.embedded.tomcat.TomcatWebServer [main] Tomcat started on port(s): 8080 (http) with context path ''
2023-04-13 10:17:05,814 INFO org.springframework.cloud.netflix.eureka.serviceregistry.EurekaAutoServiceRegistration [main] Updating port to 8080
2023-04-13 10:17:05,826 INFO com.netflix.discovery.DiscoveryClient [DiscoveryClient-InstanceInfoReplicator-0] DiscoveryClient_CURRENCY-CONVERTER/host.docker.internal:currency-converter:8080 - registration status: 204
2023-04-13 10:17:05,964 INFO org.springframework.boot.StartupInfoLogger [main] Started CurrencyApiKotlinApplicationKt in 11.545 seconds (JVM running for 12.404)
2023-04-13 10:18:13,283 INFO org.springframework.cloud.netflix.eureka.serviceregistry.EurekaServiceRegistry [SpringApplicationShutdownHook] Unregistering application CURRENCY-CONVERTER with eureka with status DOWN
2023-04-13 10:18:13,292 INFO com.netflix.discovery.DiscoveryClient$3 [SpringApplicationShutdownHook] Saw local status change event StatusChangeEvent [timestamp=1681395493292, current=DOWN, previous=UP]
2023-04-13 10:18:13,296 INFO com.netflix.discovery.DiscoveryClient [DiscoveryClient-InstanceInfoReplicator-0] DiscoveryClient_CURRENCY-CONVERTER/host.docker.internal:currency-converter:8080: registering service...
2023-04-13 10:18:13,309 INFO com.netflix.discovery.DiscoveryClient [DiscoveryClient-InstanceInfoReplicator-0] DiscoveryClient_CURRENCY-CONVERTER/host.docker.internal:currency-converter:8080 - registration status: 204
2023-04-13 10:18:13,378 INFO org.springframework.orm.jpa.AbstractEntityManagerFactoryBean [SpringApplicationShutdownHook] Closing JPA EntityManagerFactory for persistence unit 'default'
2023-04-13 10:18:13,393 INFO com.netflix.discovery.DiscoveryClient [SpringApplicationShutdownHook] Shutting down DiscoveryClient ...
2023-04-13 10:18:16,411 INFO com.netflix.discovery.DiscoveryClient [SpringApplicationShutdownHook] Unregistering ...
2023-04-13 10:18:16,423 INFO com.netflix.discovery.DiscoveryClient [SpringApplicationShutdownHook] DiscoveryClient_CURRENCY-CONVERTER/host.docker.internal:currency-converter:8080 - deregister  status: 200
2023-04-13 10:18:16,430 INFO com.netflix.discovery.DiscoveryClient [SpringApplicationShutdownHook] Completed shut down of DiscoveryClient
2023-04-13 10:19:09,251 INFO org.springframework.cloud.config.client.ConfigServicePropertySourceLocator [main] Fetching config from server at : http://localhost:8888
2023-04-13 10:19:13,143 INFO org.springframework.cloud.config.client.ConfigServicePropertySourceLocator [main] Located environment: name=currency-converter, profiles=[test], label=null, version=ad0f1029fad3bb00ca3d8046044fbeaec75bd667, state=null
2023-04-13 10:19:13,145 INFO org.springframework.cloud.bootstrap.config.PropertySourceBootstrapConfiguration [main] Located property source: [BootstrapPropertySource {name='bootstrapProperties-configClient'}, BootstrapPropertySource {name='bootstrapProperties-https://github.com/EllieT7/server-config.git/currency-converter-test.yml'}, BootstrapPropertySource {name='bootstrapProperties-https://github.com/EllieT7/server-config.git/currency-converter.yml'}, BootstrapPropertySource {name='bootstrapProperties-https://github.com/EllieT7/server-config.git/application.yml'}]
2023-04-13 10:19:13,156 INFO org.springframework.boot.SpringApplication [main] The following 1 profile is active: "test"
2023-04-13 10:19:14,008 INFO org.springframework.data.repository.config.RepositoryConfigurationDelegate [main] Bootstrapping Spring Data JPA repositories in DEFAULT mode.
2023-04-13 10:19:14,218 INFO org.springframework.data.repository.config.RepositoryConfigurationDelegate [main] Finished Spring Data repository scanning in 196 ms. Found 2 JPA repository interfaces.
2023-04-13 10:19:14,614 INFO org.springframework.cloud.context.scope.GenericScope [main] BeanFactory id=c16c6b2a-a50c-32a1-b515-f96a6d3a60d7
2023-04-13 10:19:15,391 INFO org.springframework.boot.web.embedded.tomcat.TomcatWebServer [main] Tomcat initialized with port(s): 9090 (http)
2023-04-13 10:19:15,404 INFO org.apache.juli.logging.DirectJDKLog [main] Initializing ProtocolHandler ["http-nio-9090"]
2023-04-13 10:19:15,405 INFO org.apache.juli.logging.DirectJDKLog [main] Starting service [Tomcat]
2023-04-13 10:19:15,407 INFO org.apache.juli.logging.DirectJDKLog [main] Starting Servlet engine: [Apache Tomcat/9.0.71]
2023-04-13 10:19:15,578 INFO org.apache.juli.logging.DirectJDKLog [main] Initializing Spring embedded WebApplicationContext
2023-04-13 10:19:15,579 INFO org.springframework.boot.web.servlet.context.ServletWebServerApplicationContext [main] Root WebApplicationContext: initialization completed in 2392 ms
2023-04-13 10:19:15,727 ERROR org.apache.juli.logging.DirectJDKLog [main] For security constraints with URL pattern [/api/currency/convert] the HTTP methods [OPTIONS] are uncovered.
2023-04-13 10:19:15,728 ERROR org.apache.juli.logging.DirectJDKLog [main] For security constraints with URL pattern [/api/currency/history] the HTTP methods [OPTIONS] are uncovered.
2023-04-13 10:19:15,730 ERROR org.apache.juli.logging.DirectJDKLog [main] For security constraints with URL pattern [/api/currency/multiple] the HTTP methods [OPTIONS] are uncovered.
2023-04-13 10:19:15,911 INFO org.hibernate.jpa.internal.util.LogHelper [main] HHH000204: Processing PersistenceUnitInfo [name: default]
2023-04-13 10:19:15,985 INFO org.hibernate.Version [main] HHH000412: Hibernate ORM core version 5.6.14.Final
2023-04-13 10:19:16,185 INFO org.hibernate.annotations.common.reflection.java.JavaReflectionManager [main] HCANN000001: Hibernate Commons Annotations {5.1.2.Final}
2023-04-13 10:19:16,515 INFO org.hibernate.dialect.Dialect [main] HHH000400: Using dialect: org.hibernate.dialect.PostgreSQL10Dialect
2023-04-13 10:19:17,073 INFO org.hibernate.engine.transaction.jta.platform.internal.JtaPlatformInitiator [main] HHH000490: Using JtaPlatform implementation: [org.hibernate.engine.transaction.jta.platform.internal.NoJtaPlatform]
2023-04-13 10:19:17,086 INFO org.springframework.orm.jpa.AbstractEntityManagerFactoryBean [main] Initialized JPA EntityManagerFactory for persistence unit 'default'
2023-04-13 10:19:18,049 WARN org.springframework.boot.autoconfigure.orm.jpa.JpaBaseConfiguration$JpaWebConfiguration [main] spring.jpa.open-in-view is enabled by default. Therefore, database queries may be performed during view rendering. Explicitly configure spring.jpa.open-in-view to disable this warning
2023-04-13 10:19:19,472 INFO org.springframework.cloud.netflix.eureka.config.DiscoveryClientOptionalArgsConfiguration [main] Eureka HTTP Client uses RestTemplate.
2023-04-13 10:19:19,919 WARN org.springframework.cloud.loadbalancer.config.LoadBalancerCacheAutoConfiguration$LoadBalancerCaffeineWarnLogger [main] Spring Cloud LoadBalancer is currently working with the default cache. While this cache implementation is useful for development and tests, it's recommended to use Caffeine cache in production.You can switch to using Caffeine cache, by adding it and org.springframework.cache.caffeine.CaffeineCacheManager to the classpath.
2023-04-13 10:19:19,970 INFO org.springframework.cloud.netflix.eureka.InstanceInfoFactory [main] Setting initial instance status as: STARTING
2023-04-13 10:19:20,092 INFO com.netflix.discovery.DiscoveryClient [main] Initializing Eureka in region us-east-1
2023-04-13 10:19:20,101 INFO com.netflix.discovery.shared.resolver.aws.ConfigClusterResolver [main] Resolving eureka endpoints via configuration
2023-04-13 10:19:20,139 INFO com.netflix.discovery.DiscoveryClient [main] Disable delta property : false
2023-04-13 10:19:20,141 INFO com.netflix.discovery.DiscoveryClient [main] Single vip registry refresh property : null
2023-04-13 10:19:20,144 INFO com.netflix.discovery.DiscoveryClient [main] Force full registry fetch : false
2023-04-13 10:19:20,144 INFO com.netflix.discovery.DiscoveryClient [main] Application is null : false
2023-04-13 10:19:20,145 INFO com.netflix.discovery.DiscoveryClient [main] Registered Applications size is zero : true
2023-04-13 10:19:20,146 INFO com.netflix.discovery.DiscoveryClient [main] Application version is -1: true
2023-04-13 10:19:20,147 INFO com.netflix.discovery.DiscoveryClient [main] Getting all instance registry info from the eureka server
2023-04-13 10:19:20,476 INFO com.netflix.discovery.DiscoveryClient [main] The response status is 200
2023-04-13 10:19:20,481 INFO com.netflix.discovery.DiscoveryClient [main] Starting heartbeat executor: renew interval is: 30
2023-04-13 10:19:20,486 INFO com.netflix.discovery.InstanceInfoReplicator [main] InstanceInfoReplicator onDemand update allowed rate per min is 4
2023-04-13 10:19:20,495 INFO com.netflix.discovery.DiscoveryClient [main] Discovery Client initialized at timestamp 1681395560493 with initial instances count: 2
2023-04-13 10:19:20,501 INFO org.springframework.cloud.netflix.eureka.serviceregistry.EurekaServiceRegistry [main] Registering application CURRENCY-CONVERTER with eureka with status UP
2023-04-13 10:19:20,503 INFO com.netflix.discovery.DiscoveryClient$3 [main] Saw local status change event StatusChangeEvent [timestamp=1681395560503, current=UP, previous=STARTING]
2023-04-13 10:19:20,505 INFO com.netflix.discovery.DiscoveryClient [DiscoveryClient-InstanceInfoReplicator-0] DiscoveryClient_CURRENCY-CONVERTER/host.docker.internal:currency-converter:9090: registering service...
2023-04-13 10:19:20,506 INFO org.apache.juli.logging.DirectJDKLog [main] Starting ProtocolHandler ["http-nio-9090"]
2023-04-13 10:19:20,546 INFO org.springframework.boot.web.embedded.tomcat.TomcatWebServer [main] Tomcat started on port(s): 9090 (http) with context path ''
2023-04-13 10:19:20,548 INFO org.springframework.cloud.netflix.eureka.serviceregistry.EurekaAutoServiceRegistration [main] Updating port to 9090
2023-04-13 10:19:20,557 INFO com.netflix.discovery.DiscoveryClient [DiscoveryClient-InstanceInfoReplicator-0] DiscoveryClient_CURRENCY-CONVERTER/host.docker.internal:currency-converter:9090 - registration status: 204
2023-04-13 10:19:20,685 INFO org.springframework.boot.StartupInfoLogger [main] Started CurrencyApiKotlinApplicationKt in 13.311 seconds (JVM running for 13.858)
2023-04-13 10:22:00,801 INFO org.springframework.cloud.netflix.eureka.serviceregistry.EurekaServiceRegistry [SpringApplicationShutdownHook] Unregistering application CURRENCY-CONVERTER with eureka with status DOWN
2023-04-13 10:22:00,803 INFO com.netflix.discovery.DiscoveryClient$3 [SpringApplicationShutdownHook] Saw local status change event StatusChangeEvent [timestamp=1681395720803, current=DOWN, previous=UP]
2023-04-13 10:22:00,804 INFO com.netflix.discovery.DiscoveryClient [DiscoveryClient-InstanceInfoReplicator-0] DiscoveryClient_CURRENCY-CONVERTER/host.docker.internal:currency-converter:9090: registering service...
2023-04-13 10:22:00,810 INFO com.netflix.discovery.DiscoveryClient [DiscoveryClient-InstanceInfoReplicator-0] DiscoveryClient_CURRENCY-CONVERTER/host.docker.internal:currency-converter:9090 - registration status: 204
2023-04-13 10:22:00,837 INFO org.springframework.orm.jpa.AbstractEntityManagerFactoryBean [SpringApplicationShutdownHook] Closing JPA EntityManagerFactory for persistence unit 'default'
2023-04-13 10:22:00,840 INFO com.netflix.discovery.DiscoveryClient [SpringApplicationShutdownHook] Shutting down DiscoveryClient ...
2023-04-13 10:22:03,856 INFO com.netflix.discovery.DiscoveryClient [SpringApplicationShutdownHook] Unregistering ...
2023-04-13 10:22:03,867 INFO com.netflix.discovery.DiscoveryClient [SpringApplicationShutdownHook] DiscoveryClient_CURRENCY-CONVERTER/host.docker.internal:currency-converter:9090 - deregister  status: 200
2023-04-13 10:22:03,875 INFO com.netflix.discovery.DiscoveryClient [SpringApplicationShutdownHook] Completed shut down of DiscoveryClient
